<?xml version="1.0" encoding="UTF-8"?>
<!-- Generated by org.testng.reporters.JUnitReportReporter -->
<testsuite hostname="SHIWASIN-T5X72" name="test_report.Basic_Search_Autosearch_And_Pagination" tests="7" failures="0" timestamp="24 Oct 2018 01:51:00 GMT" time="623.322" errors="0">
  <testcase name="AutoSearch_byOfferType" time="82.704" classname="test_report.Basic_Search_Autosearch_And_Pagination"/>
  <testcase name="AutoSearch_byCommerceOffer" time="82.207" classname="test_report.Basic_Search_Autosearch_And_Pagination"/>
  <testcase name="AutoSearch_byPF" time="82.677" classname="test_report.Basic_Search_Autosearch_And_Pagination"/>
  <testcase name="verify_show_hide_Parameters" time="99.302" classname="test_report.Basic_Search_Autosearch_And_Pagination"/>
  <testcase name="verify_By_default_selected_Items" time="115.376" classname="test_report.Basic_Search_Autosearch_And_Pagination"/>
  <testcase name="Pagination_by_Admin_10" time="70.943" classname="test_report.Basic_Search_Autosearch_And_Pagination"/>
  <testcase name="Pagination_by_Admin_50" time="90.113" classname="test_report.Basic_Search_Autosearch_And_Pagination"/>
</testsuite>
