<?xml version="1.0" encoding="UTF-8"?>
<!-- Generated by org.testng.reporters.JUnitReportReporter -->
<testsuite hostname="SHIWASIN-T5X72" name="test_report.Basic_Search_Invalid" tests="12" failures="0" timestamp="24 Oct 2018 01:51:00 GMT" time="1033.585" errors="0">
  <testcase name="Search_by_blank_Offertype" time="72.325" classname="test_report.Basic_Search_Invalid"/>
  <testcase name="Basic_Search_Filter_byInvProductSubType" time="91.529" classname="test_report.Basic_Search_Invalid"/>
  <testcase name="Search_by_blank_PF" time="78.735" classname="test_report.Basic_Search_Invalid"/>
  <testcase name="Search_by_Invalid_PF" time="76.155" classname="test_report.Basic_Search_Invalid"/>
  <testcase name="Basic_Search_Filter_byInvDelOption" time="109.152" classname="test_report.Basic_Search_Invalid"/>
  <testcase name="Basic_Search_Filter_byInvDescription" time="101.379" classname="test_report.Basic_Search_Invalid"/>
  <testcase name="Basic_Search_Filter_byInvPF" time="88.453" classname="test_report.Basic_Search_Invalid"/>
  <testcase name="Basic_Search_Filter_byInv_ProductType" time="112.272" classname="test_report.Basic_Search_Invalid"/>
  <testcase name="Search_by_Invalid_OfferType" time="78.403" classname="test_report.Basic_Search_Invalid"/>
  <testcase name="Search_by_blank_Coffer" time="65.573" classname="test_report.Basic_Search_Invalid"/>
  <testcase name="Search_by_Invalid_CommerceOffer" time="69.575" classname="test_report.Basic_Search_Invalid"/>
  <testcase name="Basic_Search_Filter_byInv_ItemName" time="90.034" classname="test_report.Basic_Search_Invalid"/>
</testsuite>
