<?xml version="1.0" encoding="UTF-8"?>
<!-- Generated by org.testng.reporters.JUnitReportReporter -->
<testsuite hostname="SHIWASIN-T5X72" name="test_report.tes" tests="1" failures="0" timestamp="17 Oct 2018 05:56:16 GMT" time="103.646" errors="0">
  <testcase name="Verify_total_Count_with_TG_PF_BU" time="103.646" classname="test_report.tes"/>
</testsuite> <!-- test_report.tes -->
