<?xml version="1.0" encoding="UTF-8"?>
<!-- Generated by org.testng.reporters.JUnitReportReporter -->
<testsuite hostname="SHIWASIN-T5X72" name="test_report.Basic_Search_Invalid" tests="12" failures="0" timestamp="26 Nov 2018 15:37:46 GMT" time="990.297" errors="0">
  <testcase name="Search_by_blank_Coffer" time="70.935" classname="test_report.Basic_Search_Invalid"/>
  <testcase name="Search_by_blank_PF" time="72.856" classname="test_report.Basic_Search_Invalid"/>
  <testcase name="Basic_Search_Filter_byInvPF" time="84.627" classname="test_report.Basic_Search_Invalid"/>
  <testcase name="Basic_Search_Filter_byInvProductSubType" time="89.411" classname="test_report.Basic_Search_Invalid"/>
  <testcase name="Search_by_Invalid_OfferType" time="76.214" classname="test_report.Basic_Search_Invalid"/>
  <testcase name="Basic_Search_Filter_byInvDelOption" time="103.666" classname="test_report.Basic_Search_Invalid"/>
  <testcase name="Basic_Search_Filter_byInv_ProductType" time="102.069" classname="test_report.Basic_Search_Invalid"/>
  <testcase name="Basic_Search_Filter_byInv_ItemName" time="88.086" classname="test_report.Basic_Search_Invalid"/>
  <testcase name="Search_by_blank_Offertype" time="70.792" classname="test_report.Basic_Search_Invalid"/>
  <testcase name="Basic_Search_Filter_byInvDescription" time="95.478" classname="test_report.Basic_Search_Invalid"/>
  <testcase name="Search_by_Invalid_PF" time="65.113" classname="test_report.Basic_Search_Invalid"/>
  <testcase name="Search_by_Invalid_CommerceOffer" time="71.050" classname="test_report.Basic_Search_Invalid"/>
</testsuite> <!-- test_report.Basic_Search_Invalid -->
