<?xml version="1.0" encoding="UTF-8"?>
<!-- Generated by org.testng.reporters.JUnitReportReporter -->
<testsuite hostname="SHIWASIN-T5X72" name="test_report.BasicSearch_Filter_With_Valid_Invalid_Value" tests="12" failures="0" timestamp="26 Nov 2018 15:56:54 GMT" time="1115.038" errors="0">
  <testcase name="Basic_Search_Filter_byInvDelOption" time="101.570" classname="test_report.BasicSearch_Filter_With_Valid_Invalid_Value"/>
  <testcase name="Basic_Search_Filter_byInv_ProductType" time="102.159" classname="test_report.BasicSearch_Filter_With_Valid_Invalid_Value"/>
  <testcase name="Basic_Search_Filter_byPF" time="90.958" classname="test_report.BasicSearch_Filter_With_Valid_Invalid_Value"/>
  <testcase name="Basic_Search_Filter_byInvPF" time="84.708" classname="test_report.BasicSearch_Filter_With_Valid_Invalid_Value"/>
  <testcase name="Basic_Search_Filter_byProductType" time="95.014" classname="test_report.BasicSearch_Filter_With_Valid_Invalid_Value"/>
  <testcase name="Basic_Search_Filter_byInv_ItemName" time="91.591" classname="test_report.BasicSearch_Filter_With_Valid_Invalid_Value"/>
  <testcase name="Basic_Search_Filter_byProductSubType" time="93.435" classname="test_report.BasicSearch_Filter_With_Valid_Invalid_Value"/>
  <testcase name="Basic_Search_Filter_byInvDescription" time="99.332" classname="test_report.BasicSearch_Filter_With_Valid_Invalid_Value"/>
  <testcase name="Basic_Search_Filter_byDelOption" time="87.651" classname="test_report.BasicSearch_Filter_With_Valid_Invalid_Value"/>
  <testcase name="Basic_Search_Filter_byInvProductSubType" time="93.116" classname="test_report.BasicSearch_Filter_With_Valid_Invalid_Value"/>
  <testcase name="Basic_Search_Filter_byDescription" time="85.468" classname="test_report.BasicSearch_Filter_With_Valid_Invalid_Value"/>
  <testcase name="Basic_Search_Filter_byItemName" time="90.036" classname="test_report.BasicSearch_Filter_With_Valid_Invalid_Value"/>
</testsuite> <!-- test_report.BasicSearch_Filter_With_Valid_Invalid_Value -->
