<?xml version="1.0" encoding="UTF-8"?>
<!-- Generated by org.testng.reporters.JUnitReportReporter -->
<testsuite hostname="SHIWASIN-T5X72" name="test_report.Basic_Search_Autosearch_And_Pagination" tests="7" failures="0" timestamp="26 Nov 2018 15:20:19 GMT" time="576.839" errors="0">
  <testcase name="AutoSearch_byPF" time="66.662" classname="test_report.Basic_Search_Autosearch_And_Pagination"/>
  <testcase name="Pagination_by_Admin_50" time="82.280" classname="test_report.Basic_Search_Autosearch_And_Pagination"/>
  <testcase name="AutoSearch_byCommerceOffer" time="82.248" classname="test_report.Basic_Search_Autosearch_And_Pagination"/>
  <testcase name="Pagination_by_Admin_10" time="75.481" classname="test_report.Basic_Search_Autosearch_And_Pagination"/>
  <testcase name="AutoSearch_byOfferType" time="73.501" classname="test_report.Basic_Search_Autosearch_And_Pagination"/>
  <testcase name="verify_show_hide_Parameters" time="93.800" classname="test_report.Basic_Search_Autosearch_And_Pagination"/>
  <testcase name="verify_By_default_selected_Items" time="102.867" classname="test_report.Basic_Search_Autosearch_And_Pagination"/>
</testsuite> <!-- test_report.Basic_Search_Autosearch_And_Pagination -->
